[2023-11-13 16:58:33] local.ERROR: filemtime(): stat failed for /Users/mistre/develop/tutormonster/tritalaravel/RiccardoVoltolina/laravel-one-to-many/.env {"exception":"[object] (ErrorException(code: 0): filemtime(): stat failed for /Users/mistre/develop/tutormonster/tritalaravel/RiccardoVoltolina/laravel-one-to-many/.env at /Users/mistre/develop/tutormonster/tritalaravel/RiccardoVoltolina/laravel-one-to-many/vendor/laravel/framework/src/Illuminate/Foundation/Console/ServeCommand.php:99)
[stacktrace]
#0 /Users/mistre/develop/tutormonster/tritalaravel/RiccardoVoltolina/laravel-one-to-many/vendor/laravel/framework/src/Illuminate/Foundation/Bootstrap/HandleExceptions.php(254): Illuminate\\Foundation\\Bootstrap\\HandleExceptions->handleError(2, 'filemtime(): st...', '/Users/mistre/d...', 99)
#1 [internal function]: Illuminate\\Foundation\\Bootstrap\\HandleExceptions->Illuminate\\Foundation\\Bootstrap\\{closure}(2, 'filemtime(): st...', '/Users/mistre/d...', 99)
#2 /Users/mistre/develop/tutormonster/tritalaravel/RiccardoVoltolina/laravel-one-to-many/vendor/laravel/framework/src/Illuminate/Foundation/Console/ServeCommand.php(99): filemtime('/Users/mistre/d...')
#3 /Users/mistre/develop/tutormonster/tritalaravel/RiccardoVoltolina/laravel-one-to-many/vendor/laravel/framework/src/Illuminate/Container/BoundMethod.php(36): Illuminate\\Foundation\\Console\\ServeCommand->handle()
#4 /Users/mistre/develop/tutormonster/tritalaravel/RiccardoVoltolina/laravel-one-to-many/vendor/laravel/framework/src/Illuminate/Container/Util.php(41): Illuminate\\Container\\BoundMethod::Illuminate\\Container\\{closure}()
#5 /Users/mistre/develop/tutormonster/tritalaravel/RiccardoVoltolina/laravel-one-to-many/vendor/laravel/framework/src/Illuminate/Container/BoundMethod.php(93): Illuminate\\Container\\Util::unwrapIfClosure(Object(Closure))
#6 /Users/mistre/develop/tutormonster/tritalaravel/RiccardoVoltolina/laravel-one-to-many/vendor/laravel/framework/src/Illuminate/Container/BoundMethod.php(35): Illuminate\\Container\\BoundMethod::callBoundMethod(Object(Illuminate\\Foundation\\Application), Array, Object(Closure))
#7 /Users/mistre/develop/tutormonster/tritalaravel/RiccardoVoltolina/laravel-one-to-many/vendor/laravel/framework/src/Illuminate/Container/Container.php(662): Illuminate\\Container\\BoundMethod::call(Object(Illuminate\\Foundation\\Application), Array, Array, NULL)
#8 /Users/mistre/develop/tutormonster/tritalaravel/RiccardoVoltolina/laravel-one-to-many/vendor/laravel/framework/src/Illuminate/Console/Command.php(211): Illuminate\\Container\\Container->call(Array)
#9 /Users/mistre/develop/tutormonster/tritalaravel/RiccardoVoltolina/laravel-one-to-many/vendor/symfony/console/Command/Command.php(326): Illuminate\\Console\\Command->execute(Object(Symfony\\Component\\Console\\Input\\ArgvInput), Object(Illuminate\\Console\\OutputStyle))
#10 /Users/mistre/develop/tutormonster/tritalaravel/RiccardoVoltolina/laravel-one-to-many/vendor/laravel/framework/src/Illuminate/Console/Command.php(180): Symfony\\Component\\Console\\Command\\Command->run(Object(Symfony\\Component\\Console\\Input\\ArgvInput), Object(Illuminate\\Console\\OutputStyle))
#11 /Users/mistre/develop/tutormonster/tritalaravel/RiccardoVoltolina/laravel-one-to-many/vendor/symfony/console/Application.php(1081): Illuminate\\Console\\Command->run(Object(Symfony\\Component\\Console\\Input\\ArgvInput), Object(Symfony\\Component\\Console\\Output\\ConsoleOutput))
#12 /Users/mistre/develop/tutormonster/tritalaravel/RiccardoVoltolina/laravel-one-to-many/vendor/symfony/console/Application.php(320): Symfony\\Component\\Console\\Application->doRunCommand(Object(Illuminate\\Foundation\\Console\\ServeCommand), Object(Symfony\\Component\\Console\\Input\\ArgvInput), Object(Symfony\\Component\\Console\\Output\\ConsoleOutput))
#13 /Users/mistre/develop/tutormonster/tritalaravel/RiccardoVoltolina/laravel-one-to-many/vendor/symfony/console/Application.php(174): Symfony\\Component\\Console\\Application->doRun(Object(Symfony\\Component\\Console\\Input\\ArgvInput), Object(Symfony\\Component\\Console\\Output\\ConsoleOutput))
#14 /Users/mistre/develop/tutormonster/tritalaravel/RiccardoVoltolina/laravel-one-to-many/vendor/laravel/framework/src/Illuminate/Foundation/Console/Kernel.php(201): Symfony\\Component\\Console\\Application->run(Object(Symfony\\Component\\Console\\Input\\ArgvInput), Object(Symfony\\Component\\Console\\Output\\ConsoleOutput))
#15 /Users/mistre/develop/tutormonster/tritalaravel/RiccardoVoltolina/laravel-one-to-many/artisan(35): Illuminate\\Foundation\\Console\\Kernel->handle(Object(Symfony\\Component\\Console\\Input\\ArgvInput), Object(Symfony\\Component\\Console\\Output\\ConsoleOutput))
#16 {main}
"} 
